2023-08-09 20:38:26,994 [main] INFO CucumberBBD - **********Launching Browser**********
2023-08-09 20:38:27,013 [main] INFO CucumberBBD - **********Launching URL**********
2023-08-09 20:38:27,681 [main] INFO CucumberBBD - **********Entering Email**********
2023-08-09 20:38:27,811 [main] INFO CucumberBBD - **********Entering Password**********
2023-08-09 20:38:27,891 [main] INFO CucumberBBD - **********Login**********
2023-08-09 20:38:29,580 [main] INFO CucumberBBD - **********Veryfing Title**********
2023-08-09 20:38:29,592 [main] INFO CucumberBBD - **********Click Menu**********
2023-08-09 20:38:29,652 [main] INFO CucumberBBD - **********Click Customer Menu**********
2023-08-09 20:38:30,892 [main] INFO CucumberBBD - **********Enter Email To Search**********
2023-08-09 20:38:31,037 [main] INFO CucumberBBD - **********Click Search Button**********
2023-08-09 20:38:34,108 [main] INFO CucumberBBD - **********Veryfing Email Present In The Search Table**********
2023-08-09 20:38:34,154 [main] INFO CucumberBBD - **********Closing Browser**********
2023-08-09 20:39:39,244 [main] INFO CucumberBBD - **********Launching Browser**********
2023-08-09 20:39:39,272 [main] INFO CucumberBBD - **********Launching URL**********
2023-08-09 20:39:39,988 [main] INFO CucumberBBD - **********Entering Email**********
2023-08-09 20:39:40,125 [main] INFO CucumberBBD - **********Entering Password**********
2023-08-09 20:39:40,217 [main] INFO CucumberBBD - **********Login**********
2023-08-09 20:39:41,544 [main] INFO CucumberBBD - **********Veryfing Title**********
2023-08-09 20:39:41,559 [main] INFO CucumberBBD - **********Click Menu**********
2023-08-09 20:39:41,637 [main] INFO CucumberBBD - **********Click Customer Menu**********
2023-08-09 20:39:42,305 [main] INFO CucumberBBD - **********Click Add New Button**********
2023-08-09 20:39:43,022 [main] INFO CucumberBBD - **********Veryfing Title**********
2023-08-09 20:39:43,038 [main] INFO CucumberBBD - **********Entering Customer Info**********
